2014/05/28 14:51:49 [error] [exception.CException] exception 'CException' with message 'Object configuration must be an array containing a "class" element.' in /Users/jishankai/Sites/dc/server/yii/framework/YiiBase.php:193
Stack trace:
#0 /Users/jishankai/Sites/dc/server/yii/framework/base/CModule.php(386): YiiBase::createComponent(Array)
#1 /Users/jishankai/Sites/dc/server/yii/framework/web/CUrlManager.php(216): CModule->getComponent('cache')
#2 /Users/jishankai/Sites/dc/server/yii/framework/web/CUrlManager.php(206): CUrlManager->processRules()
#3 /Users/jishankai/Sites/dc/server/yii/framework/base/CModule.php(387): CUrlManager->init()
#4 /Users/jishankai/Sites/dc/server/yii/framework/base/CApplication.php(522): CModule->getComponent('urlManager')
#5 /Users/jishankai/Sites/dc/server/yii/framework/web/CWebApplication.php(140): CApplication->getUrlManager()
#6 /Users/jishankai/Sites/dc/server/yii/framework/base/CApplication.php(180): CWebApplication->processRequest()
#7 /Users/jishankai/Sites/dc/server/dc/index.php(13): CApplication->run()
#8 {main}
REQUEST_URI=/~jishankai/dc/server/dc/
---
2014/05/28 14:56:44 [error] [exception.CException] exception 'CException' with message 'Object configuration must be an array containing a "class" element.' in /Users/jishankai/Sites/dc/server/yii/framework/YiiBase.php:193
Stack trace:
#0 /Users/jishankai/Sites/dc/server/yii/framework/base/CModule.php(386): YiiBase::createComponent(Array)
#1 /Users/jishankai/Sites/dc/server/yii/framework/web/CUrlManager.php(216): CModule->getComponent('cache')
#2 /Users/jishankai/Sites/dc/server/yii/framework/web/CUrlManager.php(206): CUrlManager->processRules()
#3 /Users/jishankai/Sites/dc/server/yii/framework/base/CModule.php(387): CUrlManager->init()
#4 /Users/jishankai/Sites/dc/server/yii/framework/base/CApplication.php(522): CModule->getComponent('urlManager')
#5 /Users/jishankai/Sites/dc/server/yii/framework/web/CWebApplication.php(140): CApplication->getUrlManager()
#6 /Users/jishankai/Sites/dc/server/yii/framework/base/CApplication.php(180): CWebApplication->processRequest()
#7 /Users/jishankai/Sites/dc/server/dc/index.php(13): CApplication->run()
#8 {main}
REQUEST_URI=/~jishankai/dc/server/dc/
---
2014/05/28 14:59:59 [error] [exception.CException] exception 'CException' with message 'Object configuration must be an array containing a "class" element.' in /Users/jishankai/Sites/dc/server/yii/framework/YiiBase.php:193
Stack trace:
#0 /Users/jishankai/Sites/dc/server/yii/framework/base/CModule.php(386): YiiBase::createComponent(Array)
#1 /Users/jishankai/Sites/dc/server/yii/framework/web/CUrlManager.php(216): CModule->getComponent('cache')
#2 /Users/jishankai/Sites/dc/server/yii/framework/web/CUrlManager.php(206): CUrlManager->processRules()
#3 /Users/jishankai/Sites/dc/server/yii/framework/base/CModule.php(387): CUrlManager->init()
#4 /Users/jishankai/Sites/dc/server/yii/framework/base/CApplication.php(522): CModule->getComponent('urlManager')
#5 /Users/jishankai/Sites/dc/server/yii/framework/web/CWebApplication.php(140): CApplication->getUrlManager()
#6 /Users/jishankai/Sites/dc/server/yii/framework/base/CApplication.php(180): CWebApplication->processRequest()
#7 /Users/jishankai/Sites/dc/server/dc/index.php(13): CApplication->run()
#8 {main}
REQUEST_URI=/~jishankai/dc/server/dc/
---
2014/05/28 15:00:10 [error] [exception.CException] exception 'CException' with message 'Object configuration must be an array containing a "class" element.' in /Users/jishankai/Sites/dc/server/yii/framework/YiiBase.php:193
Stack trace:
#0 /Users/jishankai/Sites/dc/server/yii/framework/base/CModule.php(386): YiiBase::createComponent(Array)
#1 /Users/jishankai/Sites/dc/server/yii/framework/web/CUrlManager.php(216): CModule->getComponent('cache')
#2 /Users/jishankai/Sites/dc/server/yii/framework/web/CUrlManager.php(206): CUrlManager->processRules()
#3 /Users/jishankai/Sites/dc/server/yii/framework/base/CModule.php(387): CUrlManager->init()
#4 /Users/jishankai/Sites/dc/server/yii/framework/base/CApplication.php(522): CModule->getComponent('urlManager')
#5 /Users/jishankai/Sites/dc/server/yii/framework/web/CWebApplication.php(140): CApplication->getUrlManager()
#6 /Users/jishankai/Sites/dc/server/yii/framework/base/CApplication.php(180): CWebApplication->processRequest()
#7 /Users/jishankai/Sites/dc/server/dc/index.php(13): CApplication->run()
#8 {main}
REQUEST_URI=/~jishankai/dc/server/dc/
---
2014/05/28 15:00:49 [error] [exception.CException] exception 'CException' with message 'Object configuration must be an array containing a "class" element.' in /Users/jishankai/Sites/dc/server/yii/framework/YiiBase.php:193
Stack trace:
#0 /Users/jishankai/Sites/dc/server/yii/framework/base/CModule.php(386): YiiBase::createComponent(Array)
#1 /Users/jishankai/Sites/dc/server/yii/framework/web/CCacheHttpSession.php(51): CModule->getComponent('cache')
#2 /Users/jishankai/Sites/dc/server/yii/framework/base/CModule.php(387): CCacheHttpSession->init()
#3 /Users/jishankai/Sites/dc/server/yii/framework/web/CWebApplication.php(201): CModule->getComponent('session')
#4 /Users/jishankai/Sites/dc/server/yii/framework/web/auth/CWebUser.php(199): CWebApplication->getSession()
#5 /Users/jishankai/Sites/dc/server/yii/framework/base/CModule.php(387): CWebUser->init()
#6 /Users/jishankai/Sites/dc/server/yii/framework/base/CModule.php(103): CModule->getComponent('user')
#7 /Users/jishankai/Sites/dc/server/dc/protected/views/layouts/main.php(35): CModule->__get('user')
#8 /Users/jishankai/Sites/dc/server/yii/framework/web/CBaseController.php(126): require('/Users/jishanka...')
#9 /Users/jishankai/Sites/dc/server/yii/framework/web/CBaseController.php(95): CBaseController->renderInternal('/Users/jishanka...', Array, true)
#10 /Users/jishankai/Sites/dc/server/yii/framework/web/widgets/CContentDecorator.php(76): CBaseController->renderFile('/Users/jishanka...', Array, true)
#11 /Users/jishankai/Sites/dc/server/yii/framework/web/widgets/CContentDecorator.php(54): CContentDecorator->decorate('<div id="conten...')
#12 /Users/jishankai/Sites/dc/server/yii/framework/web/widgets/COutputProcessor.php(44): CContentDecorator->processOutput('<div id="conten...')
#13 /Users/jishankai/Sites/dc/server/yii/framework/web/CBaseController.php(206): COutputProcessor->run()
#14 /Users/jishankai/Sites/dc/server/yii/framework/web/CBaseController.php(300): CBaseController->endWidget('CContentDecorat...')
#15 /Users/jishankai/Sites/dc/server/dc/protected/views/layouts/column1.php(6): CBaseController->endContent()
#16 /Users/jishankai/Sites/dc/server/yii/framework/web/CBaseController.php(126): require('/Users/jishanka...')
#17 /Users/jishankai/Sites/dc/server/yii/framework/web/CBaseController.php(95): CBaseController->renderInternal('/Users/jishanka...', Array, true)
#18 /Users/jishankai/Sites/dc/server/yii/framework/web/CController.php(784): CBaseController->renderFile('/Users/jishanka...', Array, true)
#19 /Users/jishankai/Sites/dc/server/dc/protected/controllers/SiteController.php(32): CController->render('index')
#20 /Users/jishankai/Sites/dc/server/yii/framework/web/actions/CInlineAction.php(49): SiteController->actionIndex()
#21 /Users/jishankai/Sites/dc/server/yii/framework/web/CController.php(308): CInlineAction->runWithParams(Array)
#22 /Users/jishankai/Sites/dc/server/yii/framework/web/CController.php(286): CController->runAction(Object(CInlineAction))
#23 /Users/jishankai/Sites/dc/server/yii/framework/web/CController.php(265): CController->runActionWithFilters(Object(CInlineAction), Array)
#24 /Users/jishankai/Sites/dc/server/yii/framework/web/CWebApplication.php(282): CController->run('')
#25 /Users/jishankai/Sites/dc/server/yii/framework/web/CWebApplication.php(141): CWebApplication->runController('')
#26 /Users/jishankai/Sites/dc/server/yii/framework/base/CApplication.php(180): CWebApplication->processRequest()
#27 /Users/jishankai/Sites/dc/server/dc/index.php(13): CApplication->run()
#28 {main}
REQUEST_URI=/~jishankai/dc/server/dc/
---
2014/05/28 16:55:32 [error] [exception.CException] exception 'CException' with message 'Object configuration must be an array containing a "class" element.' in /Users/jishankai/Sites/dc/server/yii/framework/YiiBase.php:193
Stack trace:
#0 /Users/jishankai/Sites/dc/server/yii/framework/base/CModule.php(386): YiiBase::createComponent(Array)
#1 /Users/jishankai/Sites/dc/server/yii/framework/web/CCacheHttpSession.php(51): CModule->getComponent('cache')
#2 /Users/jishankai/Sites/dc/server/yii/framework/base/CModule.php(387): CCacheHttpSession->init()
#3 /Users/jishankai/Sites/dc/server/yii/framework/web/CWebApplication.php(201): CModule->getComponent('session')
#4 /Users/jishankai/Sites/dc/server/yii/framework/web/auth/CWebUser.php(199): CWebApplication->getSession()
#5 /Users/jishankai/Sites/dc/server/yii/framework/base/CModule.php(387): CWebUser->init()
#6 /Users/jishankai/Sites/dc/server/yii/framework/base/CModule.php(103): CModule->getComponent('user')
#7 /Users/jishankai/Sites/dc/server/dc/protected/views/layouts/main.php(35): CModule->__get('user')
#8 /Users/jishankai/Sites/dc/server/yii/framework/web/CBaseController.php(126): require('/Users/jishanka...')
#9 /Users/jishankai/Sites/dc/server/yii/framework/web/CBaseController.php(95): CBaseController->renderInternal('/Users/jishanka...', Array, true)
#10 /Users/jishankai/Sites/dc/server/yii/framework/web/widgets/CContentDecorator.php(76): CBaseController->renderFile('/Users/jishanka...', Array, true)
#11 /Users/jishankai/Sites/dc/server/yii/framework/web/widgets/CContentDecorator.php(54): CContentDecorator->decorate('<div id="conten...')
#12 /Users/jishankai/Sites/dc/server/yii/framework/web/widgets/COutputProcessor.php(44): CContentDecorator->processOutput('<div id="conten...')
#13 /Users/jishankai/Sites/dc/server/yii/framework/web/CBaseController.php(206): COutputProcessor->run()
#14 /Users/jishankai/Sites/dc/server/yii/framework/web/CBaseController.php(300): CBaseController->endWidget('CContentDecorat...')
#15 /Users/jishankai/Sites/dc/server/dc/protected/views/layouts/column1.php(6): CBaseController->endContent()
#16 /Users/jishankai/Sites/dc/server/yii/framework/web/CBaseController.php(126): require('/Users/jishanka...')
#17 /Users/jishankai/Sites/dc/server/yii/framework/web/CBaseController.php(95): CBaseController->renderInternal('/Users/jishanka...', Array, true)
#18 /Users/jishankai/Sites/dc/server/yii/framework/web/CController.php(784): CBaseController->renderFile('/Users/jishanka...', Array, true)
#19 /Users/jishankai/Sites/dc/server/dc/protected/controllers/SiteController.php(32): CController->render('index')
#20 /Users/jishankai/Sites/dc/server/yii/framework/web/actions/CInlineAction.php(49): SiteController->actionIndex()
#21 /Users/jishankai/Sites/dc/server/yii/framework/web/CController.php(308): CInlineAction->runWithParams(Array)
#22 /Users/jishankai/Sites/dc/server/yii/framework/web/CController.php(286): CController->runAction(Object(CInlineAction))
#23 /Users/jishankai/Sites/dc/server/yii/framework/web/CController.php(265): CController->runActionWithFilters(Object(CInlineAction), Array)
#24 /Users/jishankai/Sites/dc/server/yii/framework/web/CWebApplication.php(282): CController->run('')
#25 /Users/jishankai/Sites/dc/server/yii/framework/web/CWebApplication.php(141): CWebApplication->runController('')
#26 /Users/jishankai/Sites/dc/server/yii/framework/base/CApplication.php(180): CWebApplication->processRequest()
#27 /Users/jishankai/Sites/dc/server/dc/index.php(13): CApplication->run()
#28 {main}
REQUEST_URI=/~jishankai/dc/server/dc/
---
2014/05/28 17:40:14 [error] [exception.CException] exception 'CException' with message 'CCacheHttpSession.cacheID is invalid. Please make sure "cache" refers to a valid cache application component.' in /Users/jishankai/Sites/dc/server/yii/framework/web/CCacheHttpSession.php:53
Stack trace:
#0 /Users/jishankai/Sites/dc/server/yii/framework/base/CModule.php(387): CCacheHttpSession->init()
#1 /Users/jishankai/Sites/dc/server/yii/framework/web/CWebApplication.php(201): CModule->getComponent('session')
#2 /Users/jishankai/Sites/dc/server/yii/framework/web/auth/CWebUser.php(199): CWebApplication->getSession()
#3 /Users/jishankai/Sites/dc/server/yii/framework/base/CModule.php(387): CWebUser->init()
#4 /Users/jishankai/Sites/dc/server/yii/framework/base/CModule.php(103): CModule->getComponent('user')
#5 /Users/jishankai/Sites/dc/server/dc/protected/views/layouts/main.php(35): CModule->__get('user')
#6 /Users/jishankai/Sites/dc/server/yii/framework/web/CBaseController.php(126): require('/Users/jishanka...')
#7 /Users/jishankai/Sites/dc/server/yii/framework/web/CBaseController.php(95): CBaseController->renderInternal('/Users/jishanka...', Array, true)
#8 /Users/jishankai/Sites/dc/server/yii/framework/web/widgets/CContentDecorator.php(76): CBaseController->renderFile('/Users/jishanka...', Array, true)
#9 /Users/jishankai/Sites/dc/server/yii/framework/web/widgets/CContentDecorator.php(54): CContentDecorator->decorate('<div id="conten...')
#10 /Users/jishankai/Sites/dc/server/yii/framework/web/widgets/COutputProcessor.php(44): CContentDecorator->processOutput('<div id="conten...')
#11 /Users/jishankai/Sites/dc/server/yii/framework/web/CBaseController.php(206): COutputProcessor->run()
#12 /Users/jishankai/Sites/dc/server/yii/framework/web/CBaseController.php(300): CBaseController->endWidget('CContentDecorat...')
#13 /Users/jishankai/Sites/dc/server/dc/protected/views/layouts/column1.php(6): CBaseController->endContent()
#14 /Users/jishankai/Sites/dc/server/yii/framework/web/CBaseController.php(126): require('/Users/jishanka...')
#15 /Users/jishankai/Sites/dc/server/yii/framework/web/CBaseController.php(95): CBaseController->renderInternal('/Users/jishanka...', Array, true)
#16 /Users/jishankai/Sites/dc/server/yii/framework/web/CController.php(784): CBaseController->renderFile('/Users/jishanka...', Array, true)
#17 /Users/jishankai/Sites/dc/server/dc/protected/controllers/SiteController.php(32): CController->render('index')
#18 /Users/jishankai/Sites/dc/server/yii/framework/web/actions/CInlineAction.php(49): SiteController->actionIndex()
#19 /Users/jishankai/Sites/dc/server/yii/framework/web/CController.php(308): CInlineAction->runWithParams(Array)
#20 /Users/jishankai/Sites/dc/server/yii/framework/web/CController.php(286): CController->runAction(Object(CInlineAction))
#21 /Users/jishankai/Sites/dc/server/yii/framework/web/CController.php(265): CController->runActionWithFilters(Object(CInlineAction), Array)
#22 /Users/jishankai/Sites/dc/server/yii/framework/web/CWebApplication.php(282): CController->run('')
#23 /Users/jishankai/Sites/dc/server/yii/framework/web/CWebApplication.php(141): CWebApplication->runController('')
#24 /Users/jishankai/Sites/dc/server/yii/framework/base/CApplication.php(180): CWebApplication->processRequest()
#25 /Users/jishankai/Sites/dc/server/dc/index.php(13): CApplication->run()
#26 {main}
REQUEST_URI=/~jishankai/dc/server/dc/
---
2014/05/28 18:14:56 [error] [php] Memcache::get(): Server 127.0.0.1 (tcp 11211) failed with: Connection refused (61) (/Users/jishankai/Sites/dc/server/yii/framework/caching/CMemCache.php:149)
Stack trace:
#0 /Users/jishankai/Sites/dc/server/yii/framework/web/CUrlManager.php(219): CMemCache->get()
#1 /Users/jishankai/Sites/dc/server/yii/framework/web/CUrlManager.php(206): CUrlManager->processRules()
#2 /Users/jishankai/Sites/dc/server/yii/framework/base/CModule.php(387): CUrlManager->init()
#3 /Users/jishankai/Sites/dc/server/yii/framework/base/CApplication.php(522): CWebApplication->getComponent()
#4 /Users/jishankai/Sites/dc/server/yii/framework/web/CWebApplication.php(140): CWebApplication->getUrlManager()
#5 /Users/jishankai/Sites/dc/server/yii/framework/base/CApplication.php(180): CWebApplication->processRequest()
#6 /Users/jishankai/Sites/dc/server/dc/index.php(13): CWebApplication->run()
REQUEST_URI=/~jishankai/dc/server/dc/
in /Users/jishankai/Sites/dc/server/dc/index.php (13)
2014/05/28 18:15:09 [error] [php] Memcache::get(): Server 127.0.0.1 (tcp 11211) failed with: Connection refused (61) (/Users/jishankai/Sites/dc/server/yii/framework/caching/CMemCache.php:149)
Stack trace:
#0 /Users/jishankai/Sites/dc/server/yii/framework/web/CUrlManager.php(219): CMemCache->get()
#1 /Users/jishankai/Sites/dc/server/yii/framework/web/CUrlManager.php(206): CUrlManager->processRules()
#2 /Users/jishankai/Sites/dc/server/yii/framework/base/CModule.php(387): CUrlManager->init()
#3 /Users/jishankai/Sites/dc/server/yii/framework/base/CApplication.php(522): CWebApplication->getComponent()
#4 /Users/jishankai/Sites/dc/server/yii/framework/web/CWebApplication.php(140): CWebApplication->getUrlManager()
#5 /Users/jishankai/Sites/dc/server/yii/framework/base/CApplication.php(180): CWebApplication->processRequest()
#6 /Users/jishankai/Sites/dc/server/dc/index.php(13): CWebApplication->run()
REQUEST_URI=/~jishankai/dc/server/dc/index.php
in /Users/jishankai/Sites/dc/server/dc/index.php (13)
2014/05/28 18:16:08 [error] [php] Use of undefined constant CHECK_SIG_FLAG - assumed 'CHECK_SIG_FLAG' (/Users/jishankai/Sites/dc/server/dc/protected/components/Controller.php:58)
Stack trace:
#0 /Users/jishankai/Sites/dc/server/dc/protected/components/Controller.php(38): CFilterChain->run()
#1 /Users/jishankai/Sites/dc/server/yii/framework/web/filters/CInlineFilter.php(58): UserController->filterCheckUpdate()
#2 /Users/jishankai/Sites/dc/server/yii/framework/web/filters/CFilterChain.php(130): CInlineFilter->filter()
#3 /Users/jishankai/Sites/dc/server/yii/framework/web/CController.php(291): CFilterChain->run()
#4 /Users/jishankai/Sites/dc/server/yii/framework/web/CController.php(265): UserController->runActionWithFilters()
#5 /Users/jishankai/Sites/dc/server/yii/framework/web/CWebApplication.php(282): UserController->run()
#6 /Users/jishankai/Sites/dc/server/yii/framework/web/CWebApplication.php(141): CWebApplication->runController()
#7 /Users/jishankai/Sites/dc/server/yii/framework/base/CApplication.php(180): CWebApplication->processRequest()
#8 /Users/jishankai/Sites/dc/server/dc/index.php(13): CWebApplication->run()
REQUEST_URI=/~jishankai/dc/server/dc/index.php?r=user/infoApi
in /Users/jishankai/Sites/dc/server/dc/protected/components/Controller.php (58)
in /Users/jishankai/Sites/dc/server/dc/protected/components/Controller.php (38)
in /Users/jishankai/Sites/dc/server/dc/index.php (13)
2014/05/28 18:26:51 [error] [exception.CException] exception 'CException' with message 'Signature Error' in /Users/jishankai/Sites/dc/server/dc/protected/components/Controller.php:61
Stack trace:
#0 /Users/jishankai/Sites/dc/server/yii/framework/web/filters/CInlineFilter.php(58): Controller->filterCheckSig(Object(CFilterChain))
#1 /Users/jishankai/Sites/dc/server/yii/framework/web/filters/CFilterChain.php(130): CInlineFilter->filter(Object(CFilterChain))
#2 /Users/jishankai/Sites/dc/server/dc/protected/components/Controller.php(38): CFilterChain->run()
#3 /Users/jishankai/Sites/dc/server/yii/framework/web/filters/CInlineFilter.php(58): Controller->filterCheckUpdate(Object(CFilterChain))
#4 /Users/jishankai/Sites/dc/server/yii/framework/web/filters/CFilterChain.php(130): CInlineFilter->filter(Object(CFilterChain))
#5 /Users/jishankai/Sites/dc/server/yii/framework/web/CController.php(291): CFilterChain->run()
#6 /Users/jishankai/Sites/dc/server/yii/framework/web/CController.php(265): CController->runActionWithFilters(Object(CInlineAction), Array)
#7 /Users/jishankai/Sites/dc/server/yii/framework/web/CWebApplication.php(282): CController->run('infoApi')
#8 /Users/jishankai/Sites/dc/server/yii/framework/web/CWebApplication.php(141): CWebApplication->runController('user/infoApi')
#9 /Users/jishankai/Sites/dc/server/yii/framework/base/CApplication.php(180): CWebApplication->processRequest()
#10 /Users/jishankai/Sites/dc/server/dc/index.php(13): CApplication->run()
#11 {main}
REQUEST_URI=/~jishankai/dc/server/dc/index.php?r=user/infoApi
---
2014/05/28 18:34:21 [error] [exception.CException] exception 'CException' with message 'Object configuration must be an array containing a "class" element.' in /Users/jishankai/Sites/dc/server/yii/framework/YiiBase.php:193
Stack trace:
#0 /Users/jishankai/Sites/dc/server/yii/framework/base/CModule.php(386): YiiBase::createComponent(Array)
#1 /Users/jishankai/Sites/dc/server/yii/framework/web/CCacheHttpSession.php(51): CModule->getComponent('cache')
#2 /Users/jishankai/Sites/dc/server/yii/framework/base/CModule.php(387): CCacheHttpSession->init()
#3 /Users/jishankai/Sites/dc/server/yii/framework/web/CWebApplication.php(201): CModule->getComponent('session')
#4 /Users/jishankai/Sites/dc/server/yii/framework/web/auth/CWebUser.php(199): CWebApplication->getSession()
#5 /Users/jishankai/Sites/dc/server/yii/framework/base/CModule.php(387): CWebUser->init()
#6 /Users/jishankai/Sites/dc/server/yii/framework/base/CModule.php(103): CModule->getComponent('user')
#7 /Users/jishankai/Sites/dc/server/dc/protected/views/layouts/main.php(35): CModule->__get('user')
#8 /Users/jishankai/Sites/dc/server/yii/framework/web/CBaseController.php(126): require('/Users/jishanka...')
#9 /Users/jishankai/Sites/dc/server/yii/framework/web/CBaseController.php(95): CBaseController->renderInternal('/Users/jishanka...', Array, true)
#10 /Users/jishankai/Sites/dc/server/yii/framework/web/widgets/CContentDecorator.php(76): CBaseController->renderFile('/Users/jishanka...', Array, true)
#11 /Users/jishankai/Sites/dc/server/yii/framework/web/widgets/CContentDecorator.php(54): CContentDecorator->decorate('<div id="conten...')
#12 /Users/jishankai/Sites/dc/server/yii/framework/web/widgets/COutputProcessor.php(44): CContentDecorator->processOutput('<div id="conten...')
#13 /Users/jishankai/Sites/dc/server/yii/framework/web/CBaseController.php(206): COutputProcessor->run()
#14 /Users/jishankai/Sites/dc/server/yii/framework/web/CBaseController.php(300): CBaseController->endWidget('CContentDecorat...')
#15 /Users/jishankai/Sites/dc/server/dc/protected/views/layouts/column1.php(6): CBaseController->endContent()
#16 /Users/jishankai/Sites/dc/server/yii/framework/web/CBaseController.php(126): require('/Users/jishanka...')
#17 /Users/jishankai/Sites/dc/server/yii/framework/web/CBaseController.php(95): CBaseController->renderInternal('/Users/jishanka...', Array, true)
#18 /Users/jishankai/Sites/dc/server/yii/framework/web/CController.php(784): CBaseController->renderFile('/Users/jishanka...', Array, true)
#19 /Users/jishankai/Sites/dc/server/dc/protected/controllers/SiteController.php(32): CController->render('index')
#20 /Users/jishankai/Sites/dc/server/yii/framework/web/actions/CInlineAction.php(49): SiteController->actionIndex()
#21 /Users/jishankai/Sites/dc/server/yii/framework/web/CController.php(308): CInlineAction->runWithParams(Array)
#22 /Users/jishankai/Sites/dc/server/yii/framework/web/CController.php(286): CController->runAction(Object(CInlineAction))
#23 /Users/jishankai/Sites/dc/server/yii/framework/web/CController.php(265): CController->runActionWithFilters(Object(CInlineAction), Array)
#24 /Users/jishankai/Sites/dc/server/yii/framework/web/CWebApplication.php(282): CController->run('')
#25 /Users/jishankai/Sites/dc/server/yii/framework/web/CWebApplication.php(141): CWebApplication->runController('')
#26 /Users/jishankai/Sites/dc/server/yii/framework/base/CApplication.php(180): CWebApplication->processRequest()
#27 /Users/jishankai/Sites/dc/server/dc/index.php(13): CApplication->run()
#28 {main}
REQUEST_URI=/~jishankai/dc/server/dc/index.php
---
2014/05/28 18:38:47 [error] [exception.CHttpException.404] exception 'CHttpException' with message 'The system is unable to find the requested action "api".' in /Users/jishankai/Sites/dc/server/yii/framework/web/CController.php:483
Stack trace:
#0 /Users/jishankai/Sites/dc/server/yii/framework/web/CController.php(270): CController->missingAction('api')
#1 /Users/jishankai/Sites/dc/server/yii/framework/web/CWebApplication.php(282): CController->run('api')
#2 /Users/jishankai/Sites/dc/server/yii/framework/web/CWebApplication.php(141): CWebApplication->runController('site/api')
#3 /Users/jishankai/Sites/dc/server/yii/framework/base/CApplication.php(180): CWebApplication->processRequest()
#4 /Users/jishankai/Sites/dc/server/dc/index.php(13): CApplication->run()
#5 {main}
REQUEST_URI=/~jishankai/dc/server/dc/index.php?r=site/api
HTTP_REFERER=http://127.0.0.1/~jishankai/dc/server/dc/index.php
---
2014/05/28 18:53:02 [error] [exception.CHttpException.404] exception 'CHttpException' with message 'The system is unable to find the requested action "api".' in /Users/jishankai/Sites/dc/server/yii/framework/web/CController.php:483
Stack trace:
#0 /Users/jishankai/Sites/dc/server/yii/framework/web/CController.php(270): CController->missingAction('api')
#1 /Users/jishankai/Sites/dc/server/yii/framework/web/CWebApplication.php(282): CController->run('api')
#2 /Users/jishankai/Sites/dc/server/yii/framework/web/CWebApplication.php(141): CWebApplication->runController('site/api')
#3 /Users/jishankai/Sites/dc/server/yii/framework/base/CApplication.php(180): CWebApplication->processRequest()
#4 /Users/jishankai/Sites/dc/server/dc/index.php(13): CApplication->run()
#5 {main}
REQUEST_URI=/~jishankai/dc/server/dc/index.php?r=site/api
HTTP_REFERER=http://127.0.0.1/~jishankai/dc/server/dc/index.php?r=site/index
---
2014/05/28 19:17:14 [error] [php] Constant SIGKEY already defined (/Users/jishankai/Sites/dc/server/dc/protected/components/Controller.php:2)
Stack trace:
#0 unknown(0): autoload()
#1 /Users/jishankai/Sites/dc/server/dc/protected/controllers/SiteController.php(4): spl_autoload_call()
#2 /Users/jishankai/Sites/dc/server/yii/framework/web/CWebApplication.php(354): require()
#3 /Users/jishankai/Sites/dc/server/yii/framework/web/CWebApplication.php(276): CWebApplication->createController()
#4 /Users/jishankai/Sites/dc/server/yii/framework/web/CWebApplication.php(141): CWebApplication->runController()
#5 /Users/jishankai/Sites/dc/server/yii/framework/base/CApplication.php(180): CWebApplication->processRequest()
#6 /Users/jishankai/Sites/dc/server/dc/index.php(13): CWebApplication->run()
REQUEST_URI=/~jishankai/dc/server/dc/index.php?r=site/api
in /Users/jishankai/Sites/dc/server/dc/protected/components/Controller.php (2)
in /Users/jishankai/Sites/dc/server/dc/protected/controllers/SiteController.php (4)
in /Users/jishankai/Sites/dc/server/dc/index.php (13)
